*** Using Compiler 'V5.06 update 1 (build 61)', folder: 'C:\Keil_v5\ARM\ARMCC\Bin'
Build target 'LVGL'
assembling startup_stm32f407xx.s...
compiling main.c...
compiling stm32f4xx_it.c...
compiling system_stm32f4xx.c...
Fatal error: C3904U: Could not open via file '..\..\output\system_stm32f4xx.__i'.
compiling lvgl_demo.c...
Fatal error: C3904U: Could not open via file '..\..\output\lvgl_demo.__i'.
compiling delay.c...
Fatal error: C3904U: Could not open via file '..\..\output\delay.__i'.
compiling sys.c...
Fatal error: C3904U: Could not open via file '..\..\output\sys.__i'.
compiling usart.c...
Fatal error: C3904U: Could not open via file '..\..\output\usart.__i'.
compiling stm32f4xx_hal.c...
Fatal error: C3904U: Could not open via file '..\..\output\stm32f4xx_hal.__i'.
compiling stm32f4xx_hal_cortex.c...
Fatal error: C3904U: Could not open via file '..\..\output\stm32f4xx_hal_cortex.__i'.
compiling stm32f4xx_hal_gpio.c...
Fatal error: C3904U: Could not open via file '..\..\output\stm32f4xx_hal_gpio.__i'.
compiling stm32f4xx_hal_rcc.c...
Fatal error: C3904U: Could not open via file '..\..\output\stm32f4xx_hal_rcc.__i'.
compiling stm32f4xx_hal_rcc_ex.c...
Fatal error: C3904U: Could not open via file '..\..\output\stm32f4xx_hal_rcc_ex.__i'.
compiling stm32f4xx_hal_usart.c...
Fatal error: C3904U: Could not open via file '..\..\output\stm32f4xx_hal_usart.__i'.
compiling stm32f4xx_hal_pwr.c...
Fatal error: C3904U: Could not open via file '..\..\output\stm32f4xx_hal_pwr.__i'.
compiling stm32f4xx_hal_pwr_ex.c...
Fatal error: C3904U: Could not open via file '..\..\output\stm32f4xx_hal_pwr_ex.__i'.
compiling stm32f4xx_hal_uart.c...
Fatal error: C3904U: Could not open via file '..\..\output\stm32f4xx_hal_uart.__i'.
compiling stm32f4xx_hal_dma_ex.c...
Fatal error: C3904U: Could not open via file '..\..\output\stm32f4xx_hal_dma_ex.__i'.
compiling stm32f4xx_hal_tim.c...
Fatal error: C3904U: Could not open via file '..\..\output\stm32f4xx_hal_tim.__i'.
compiling stm32f4xx_hal_tim_ex.c...
Fatal error: C3904U: Could not open via file '..\..\output\stm32f4xx_hal_tim_ex.__i'.
compiling stm32f4xx_hal_sram.c...
Fatal error: C3904U: Could not open via file '..\..\output\stm32f4xx_hal_sram.__i'.
compiling stm32f4xx_ll_fsmc.c...
Fatal error: C3904U: Could not open via file '..\..\output\stm32f4xx_ll_fsmc.__i'.
compiling stm32f4xx_hal_dma.c...
Fatal error: C3904U: Could not open via file '..\..\output\stm32f4xx_hal_dma.__i'.
compiling stm32f4xx_hal_flash_ex.c...
Fatal error: C3904U: Could not open via file '..\..\output\stm32f4xx_hal_flash_ex.__i'.
compiling stm32f4xx_hal_flash.c...
Fatal error: C3904U: Could not open via file '..\..\output\stm32f4xx_hal_flash.__i'.
compiling led.c...
Fatal error: C3904U: Could not open via file '..\..\output\led.__i'.
compiling lcd.c...
Fatal error: C3904U: Could not open via file '..\..\output\lcd.__i'.
compiling key.c...
Fatal error: C3904U: Could not open via file '..\..\output\key.__i'.
compiling sram.c...
Fatal error: C3904U: Could not open via file '..\..\output\sram.__i'.
compiling 24cxx.c...
Fatal error: C3904U: Could not open via file '..\..\output\24cxx.__i'.
compiling myiic.c...
Fatal error: C3904U: Could not open via file '..\..\output\myiic.__i'.
compiling ctiic.c...
Fatal error: C3904U: Could not open via file '..\..\output\ctiic.__i'.
compiling ft5206.c...
Fatal error: C3904U: Could not open via file '..\..\output\ft5206.__i'.
compiling gt9xxx.c...
Fatal error: C3904U: Could not open via file '..\..\output\gt9xxx.__i'.
compiling touch.c...
Fatal error: C3904U: Could not open via file '..\..\output\touch.__i'.
compiling beep.c...
Fatal error: C3904U: Could not open via file '..\..\output\beep.__i'.
compiling motor.c...
Fatal error: C3904U: Could not open via file '..\..\output\motor.__i'.
compiling PWM.c...
Fatal error: C3904U: Could not open via file '..\..\output\pwm.__i'.
compiling spwm.c...
Fatal error: C3904U: Could not open via file '..\..\output\spwm.__i'.
compiling my_gui.c...
Fatal error: C3904U: Could not open via file '..\..\output\my_gui.__i'.
compiling cap.c...
Fatal error: C3904U: Could not open via file '..\..\output\cap.__i'.
compiling croutine.c...
Fatal error: C3904U: Could not open via file '..\..\output\croutine.__i'.
compiling event_groups.c...
Fatal error: C3904U: Could not open via file '..\..\output\event_groups.__i'.
compiling list.c...
Fatal error: C3904U: Could not open via file '..\..\output\list.__i'.
compiling queue.c...
Fatal error: C3904U: Could not open via file '..\..\output\queue.__i'.
compiling stream_buffer.c...
Fatal error: C3904U: Could not open via file '..\..\output\stream_buffer.__i'.
compiling tasks.c...
Fatal error: C3904U: Could not open via file '..\..\output\tasks.__i'.
compiling timers.c...
Fatal error: C3904U: Could not open via file '..\..\output\timers.__i'.
compiling heap_4.c...
Fatal error: C3904U: Could not open via file '..\..\output\heap_4.__i'.
compiling port.c...
Fatal error: C3904U: Could not open via file '..\..\output\port.__i'.
compiling lv_port_disp_template.c...
Fatal error: C3904U: Could not open via file '..\..\output\lv_port_disp_template.__i'.
compiling lv_port_indev_template.c...
Fatal error: C3904U: Could not open via file '..\..\output\lv_port_indev_template.__i'.
compiling lv_disp.c...
Fatal error: C3904U: Could not open via file '..\..\output\lv_disp.__i'.
compiling lv_event.c...
Fatal error: C3904U: Could not open via file '..\..\output\lv_event.__i'.
compiling lv_group.c...
Fatal error: C3904U: Could not open via file '..\..\output\lv_group.__i'.
compiling lv_indev.c...
Fatal error: C3904U: Could not open via file '..\..\output\lv_indev.__i'.
compiling lv_indev_scroll.c...
Fatal error: C3904U: Could not open via file '..\..\output\lv_indev_scroll.__i'.
compiling lv_obj.c...
Fatal error: C3904U: Could not open via file '..\..\output\lv_obj.__i'.
compiling lv_obj_class.c...
Fatal error: C3904U: Could not open via file '..\..\output\lv_obj_class.__i'.
compiling lv_obj_draw.c...
Fatal error: C3904U: Could not open via file '..\..\output\lv_obj_draw.__i'.
compiling lv_obj_pos.c...
Fatal error: C3904U: Could not open via file '..\..\output\lv_obj_pos.__i'.
compiling lv_obj_scroll.c...
Fatal error: C3904U: Could not open via file '..\..\output\lv_obj_scroll.__i'.
compiling lv_obj_style.c...
Fatal error: C3904U: Could not open via file '..\..\output\lv_obj_style.__i'.
compiling lv_obj_style_gen.c...
Fatal error: C3904U: Could not open via file '..\..\output\lv_obj_style_gen.__i'.
compiling lv_obj_tree.c...
Fatal error: C3904U: Could not open via file '..\..\output\lv_obj_tree.__i'.
compiling lv_refr.c...
Fatal error: C3904U: Could not open via file '..\..\output\lv_refr.__i'.
compiling lv_theme.c...
Fatal error: C3904U: Could not open via file '..\..\output\lv_theme.__i'.
compiling lv_draw_sw.c...
Fatal error: C3904U: Could not open via file '..\..\output\lv_draw_sw.__i'.
compiling lv_draw_sw_arc.c...
Fatal error: C3904U: Could not open via file '..\..\output\lv_draw_sw_arc.__i'.
compiling lv_draw_sw_blend.c...
Fatal error: C3904U: Could not open via file '..\..\output\lv_draw_sw_blend.__i'.
compiling lv_draw_sw_dither.c...
Fatal error: C3904U: Could not open via file '..\..\output\lv_draw_sw_dither.__i'.
compiling lv_draw_sw_gradient.c...
Fatal error: C3904U: Could not open via file '..\..\output\lv_draw_sw_gradient.__i'.
compiling lv_draw_sw_img.c...
Fatal error: C3904U: Could not open via file '..\..\output\lv_draw_sw_img.__i'.
compiling lv_draw_sw_letter.c...
Fatal error: C3904U: Could not open via file '..\..\output\lv_draw_sw_letter.__i'.
compiling lv_draw_sw_line.c...
Fatal error: C3904U: Could not open via file '..\..\output\lv_draw_sw_line.__i'.
compiling lv_draw_sw_polygon.c...
Fatal error: C3904U: Could not open via file '..\..\output\lv_draw_sw_polygon.__i'.
compiling lv_draw_sw_rect.c...
Fatal error: C3904U: Could not open via file '..\..\output\lv_draw_sw_rect.__i'.
compiling lv_draw.c...
Fatal error: C3904U: Could not open via file '..\..\output\lv_draw.__i'.
compiling lv_draw_arc.c...
Fatal error: C3904U: Could not open via file '..\..\output\lv_draw_arc.__i'.
compiling lv_draw_img.c...
Fatal error: C3904U: Could not open via file '..\..\output\lv_draw_img.__i'.
compiling lv_draw_label.c...
Fatal error: C3904U: Could not open via file '..\..\output\lv_draw_label.__i'.
compiling lv_draw_line.c...
Fatal error: C3904U: Could not open via file '..\..\output\lv_draw_line.__i'.
compiling lv_draw_mask.c...
Fatal error: C3904U: Could not open via file '..\..\output\lv_draw_mask.__i'.
compiling lv_draw_rect.c...
Fatal error: C3904U: Could not open via file '..\..\output\lv_draw_rect.__i'.
compiling lv_draw_triangle.c...
Fatal error: C3904U: Could not open via file '..\..\output\lv_draw_triangle.__i'.
compiling lv_img_buf.c...
Fatal error: C3904U: Could not open via file '..\..\output\lv_img_buf.__i'.
compiling lv_img_cache.c...
Fatal error: C3904U: Could not open via file '..\..\output\lv_img_cache.__i'.
compiling lv_img_decoder.c...
Fatal error: C3904U: Could not open via file '..\..\output\lv_img_decoder.__i'.
compiling lv_flex.c...
Fatal error: C3904U: Could not open via file '..\..\output\lv_flex.__i'.
compiling lv_grid.c...
Fatal error: C3904U: Could not open via file '..\..\output\lv_grid.__i'.
compiling lv_bmp.c...
Fatal error: C3904U: Could not open via file '..\..\output\lv_bmp.__i'.
compiling lv_ffmpeg.c...
Fatal error: C3904U: Could not open via file '..\..\output\lv_ffmpeg.__i'.
compiling lv_freetype.c...
Fatal error: C3904U: Could not open via file '..\..\output\lv_freetype.__i'.
compiling lv_fs_fatfs.c...
Fatal error: C3904U: Could not open via file '..\..\output\lv_fs_fatfs.__i'.
compiling lv_fs_posix.c...
Fatal error: C3904U: Could not open via file '..\..\output\lv_fs_posix.__i'.
compiling lv_fs_stdio.c...
Fatal error: C3904U: Could not open via file '..\..\output\lv_fs_stdio.__i'.
compiling lv_fs_win32.c...
Fatal error: C3904U: Could not open via file '..\..\output\lv_fs_win32.__i'.
compiling gifdec.c...
Fatal error: C3904U: Could not open via file '..\..\output\gifdec.__i'.
compiling lv_gif.c...
Fatal error: C3904U: Could not open via file '..\..\output\lv_gif.__i'.
compiling lodepng.c...
Fatal error: C3904U: Could not open via file '..\..\output\lodepng.__i'.
compiling lv_png.c...
Fatal error: C3904U: Could not open via file '..\..\output\lv_png.__i'.
compiling lv_qrcode.c...
Fatal error: C3904U: Could not open via file '..\..\output\lv_qrcode.__i'.
compiling qrcodegen.c...
Fatal error: C3904U: Could not open via file '..\..\output\qrcodegen.__i'.
compiling lv_rlottie.c...
Fatal error: C3904U: Could not open via file '..\..\output\lv_rlottie.__i'.
compiling lv_sjpg.c...
Fatal error: C3904U: Could not open via file '..\..\output\lv_sjpg.__i'.
compiling tjpgd.c...
Fatal error: C3904U: Could not open via file '..\..\output\tjpgd.__i'.
compiling lv_gridnav.c...
Fatal error: C3904U: Could not open via file '..\..\output\lv_gridnav.__i'.
compiling lv_monkey.c...
Fatal error: C3904U: Could not open via file '..\..\output\lv_monkey.__i'.
compiling lv_snapshot.c...
Fatal error: C3904U: Could not open via file '..\..\output\lv_snapshot.__i'.
compiling lv_theme_basic.c...
Fatal error: C3904U: Could not open via file '..\..\output\lv_theme_basic.__i'.
compiling lv_theme_default.c...
Fatal error: C3904U: Could not open via file '..\..\output\lv_theme_default.__i'.
compiling lv_theme_mono.c...
Fatal error: C3904U: Could not open via file '..\..\output\lv_theme_mono.__i'.
compiling lv_animimg.c...
Fatal error: C3904U: Could not open via file '..\..\output\lv_animimg.__i'.
compiling lv_calendar.c...
Fatal error: C3904U: Could not open via file '..\..\output\lv_calendar.__i'.
compiling lv_calendar_header_arrow.c...
Fatal error: C3904U: Could not open via file '..\..\output\lv_calendar_header_arrow.__i'.
compiling lv_calendar_header_dropdown.c...
Fatal error: C3904U: Could not open via file '..\..\output\lv_calendar_header_dropdown.__i'.
compiling lv_chart.c...
Fatal error: C3904U: Could not open via file '..\..\output\lv_chart.__i'.
compiling lv_colorwheel.c...
Fatal error: C3904U: Could not open via file '..\..\output\lv_colorwheel.__i'.
compiling lv_imgbtn.c...
Fatal error: C3904U: Could not open via file '..\..\output\lv_imgbtn.__i'.
compiling lv_keyboard.c...
Fatal error: C3904U: Could not open via file '..\..\output\lv_keyboard.__i'.
compiling lv_led.c...
Fatal error: C3904U: Could not open via file '..\..\output\lv_led.__i'.
compiling lv_list.c...
Fatal error: C3904U: Could not open via file '..\..\output\lv_list.__i'.
compiling lv_menu.c...
Fatal error: C3904U: Could not open via file '..\..\output\lv_menu.__i'.
compiling lv_meter.c...
Fatal error: C3904U: Could not open via file '..\..\output\lv_meter.__i'.
compiling lv_msgbox.c...
Fatal error: C3904U: Could not open via file '..\..\output\lv_msgbox.__i'.
compiling lv_span.c...
Fatal error: C3904U: Could not open via file '..\..\output\lv_span.__i'.
compiling lv_spinbox.c...
Fatal error: C3904U: Could not open via file '..\..\output\lv_spinbox.__i'.
compiling lv_spinner.c...
Fatal error: C3904U: Could not open via file '..\..\output\lv_spinner.__i'.
compiling lv_tabview.c...
Fatal error: C3904U: Could not open via file '..\..\output\lv_tabview.__i'.
compiling lv_tileview.c...
Fatal error: C3904U: Could not open via file '..\..\output\lv_tileview.__i'.
compiling lv_win.c...
Fatal error: C3904U: Could not open via file '..\..\output\lv_win.__i'.
compiling lv_extra.c...
Fatal error: C3904U: Could not open via file '..\..\output\lv_extra.__i'.
compiling lv_font.c...
Fatal error: C3904U: Could not open via file '..\..\output\lv_font.__i'.
compiling lv_font_dejavu_16_persian_hebrew.c...
Fatal error: C3904U: Could not open via file '..\..\output\lv_font_dejavu_16_persian_hebrew.__i'.
compiling lv_font_fmt_txt.c...
Fatal error: C3904U: Could not open via file '..\..\output\lv_font_fmt_txt.__i'.
compiling lv_font_loader.c...
Fatal error: C3904U: Could not open via file '..\..\output\lv_font_loader.__i'.
compiling lv_font_montserrat_8.c...
Fatal error: C3904U: Could not open via file '..\..\output\lv_font_montserrat_8.__i'.
compiling lv_font_montserrat_10.c...
Fatal error: C3904U: Could not open via file '..\..\output\lv_font_montserrat_10.__i'.
compiling lv_font_montserrat_12.c...
Fatal error: C3904U: Could not open via file '..\..\output\lv_font_montserrat_12.__i'.
compiling lv_font_montserrat_12_subpx.c...
Fatal error: C3904U: Could not open via file '..\..\output\lv_font_montserrat_12_subpx.__i'.
compiling lv_font_montserrat_14.c...
Fatal error: C3904U: Could not open via file '..\..\output\lv_font_montserrat_14.__i'.
compiling lv_font_montserrat_16.c...
Fatal error: C3904U: Could not open via file '..\..\output\lv_font_montserrat_16.__i'.
compiling lv_font_montserrat_18.c...
Fatal error: C3904U: Could not open via file '..\..\output\lv_font_montserrat_18.__i'.
compiling lv_font_montserrat_20.c...
Fatal error: C3904U: Could not open via file '..\..\output\lv_font_montserrat_20.__i'.
compiling lv_font_montserrat_22.c...
Fatal error: C3904U: Could not open via file '..\..\output\lv_font_montserrat_22.__i'.
compiling lv_font_montserrat_24.c...
Fatal error: C3904U: Could not open via file '..\..\output\lv_font_montserrat_24.__i'.
compiling lv_font_montserrat_26.c...
Fatal error: C3904U: Could not open via file '..\..\output\lv_font_montserrat_26.__i'.
compiling lv_font_montserrat_28.c...
Fatal error: C3904U: Could not open via file '..\..\output\lv_font_montserrat_28.__i'.
compiling lv_font_montserrat_28_compressed.c...
Fatal error: C3904U: Could not open via file '..\..\output\lv_font_montserrat_28_compressed.__i'.
compiling lv_font_montserrat_30.c...
Fatal error: C3904U: Could not open via file '..\..\output\lv_font_montserrat_30.__i'.
compiling lv_font_montserrat_32.c...
Fatal error: C3904U: Could not open via file '..\..\output\lv_font_montserrat_32.__i'.
compiling lv_font_montserrat_34.c...
Fatal error: C3904U: Could not open via file '..\..\output\lv_font_montserrat_34.__i'.
compiling lv_font_montserrat_36.c...
Fatal error: C3904U: Could not open via file '..\..\output\lv_font_montserrat_36.__i'.
compiling lv_font_montserrat_38.c...
Fatal error: C3904U: Could not open via file '..\..\output\lv_font_montserrat_38.__i'.
compiling lv_font_montserrat_40.c...
Fatal error: C3904U: Could not open via file '..\..\output\lv_font_montserrat_40.__i'.
compiling lv_font_montserrat_42.c...
Fatal error: C3904U: Could not open via file '..\..\output\lv_font_montserrat_42.__i'.
compiling lv_font_montserrat_44.c...
Fatal error: C3904U: Could not open via file '..\..\output\lv_font_montserrat_44.__i'.
compiling lv_font_montserrat_46.c...
Fatal error: C3904U: Could not open via file '..\..\output\lv_font_montserrat_46.__i'.
compiling lv_font_montserrat_48.c...
Fatal error: C3904U: Could not open via file '..\..\output\lv_font_montserrat_48.__i'.
compiling lv_font_simsun_16_cjk.c...
Fatal error: C3904U: Could not open via file '..\..\output\lv_font_simsun_16_cjk.__i'.
compiling lv_font_unscii_8.c...
Fatal error: C3904U: Could not open via file '..\..\output\lv_font_unscii_8.__i'.
compiling lv_font_unscii_16.c...
Fatal error: C3904U: Could not open via file '..\..\output\lv_font_unscii_16.__i'.
compiling lv_draw_sdl.c...
Fatal error: C3904U: Could not open via file '..\..\output\lv_draw_sdl.__i'.
compiling lv_draw_sdl_arc.c...
Fatal error: C3904U: Could not open via file '..\..\output\lv_draw_sdl_arc.__i'.
compiling lv_draw_sdl_bg.c...
Fatal error: C3904U: Could not open via file '..\..\output\lv_draw_sdl_bg.__i'.
compiling lv_draw_sdl_composite.c...
Fatal error: C3904U: Could not open via file '..\..\output\lv_draw_sdl_composite.__i'.
compiling lv_draw_sdl_img.c...
Fatal error: C3904U: Could not open via file '..\..\output\lv_draw_sdl_img.__i'.
compiling lv_draw_sdl_label.c...
Fatal error: C3904U: Could not open via file '..\..\output\lv_draw_sdl_label.__i'.
compiling lv_draw_sdl_line.c...
Fatal error: C3904U: Could not open via file '..\..\output\lv_draw_sdl_line.__i'.
compiling lv_draw_sdl_mask.c...
Fatal error: C3904U: Could not open via file '..\..\output\lv_draw_sdl_mask.__i'.
compiling lv_draw_sdl_polygon.c...
Fatal error: C3904U: Could not open via file '..\..\output\lv_draw_sdl_polygon.__i'.
compiling lv_draw_sdl_rect.c...
Fatal error: C3904U: Could not open via file '..\..\output\lv_draw_sdl_rect.__i'.
compiling lv_draw_sdl_stack_blur.c...
Fatal error: C3904U: Could not open via file '..\..\output\lv_draw_sdl_stack_blur.__i'.
compiling lv_draw_sdl_texture_cache.c...
Fatal error: C3904U: Could not open via file '..\..\output\lv_draw_sdl_texture_cache.__i'.
compiling lv_draw_sdl_utils.c...
Fatal error: C3904U: Could not open via file '..\..\output\lv_draw_sdl_utils.__i'.
compiling lv_gpu_stm32_dma2d.c...
Fatal error: C3904U: Could not open via file '..\..\output\lv_gpu_stm32_dma2d.__i'.
compiling lv_hal_disp.c...
Fatal error: C3904U: Could not open via file '..\..\output\lv_hal_disp.__i'.
compiling lv_hal_indev.c...
Fatal error: C3904U: Could not open via file '..\..\output\lv_hal_indev.__i'.
compiling lv_hal_tick.c...
Fatal error: C3904U: Could not open via file '..\..\output\lv_hal_tick.__i'.
compiling lv_anim.c...
Fatal error: C3904U: Could not open via file '..\..\output\lv_anim.__i'.
compiling lv_anim_timeline.c...
Fatal error: C3904U: Could not open via file '..\..\output\lv_anim_timeline.__i'.
compiling lv_area.c...
Fatal error: C3904U: Could not open via file '..\..\output\lv_area.__i'.
compiling lv_async.c...
Fatal error: C3904U: Could not open via file '..\..\output\lv_async.__i'.
compiling lv_bidi.c...
Fatal error: C3904U: Could not open via file '..\..\output\lv_bidi.__i'.
compiling lv_color.c...
Fatal error: C3904U: Could not open via file '..\..\output\lv_color.__i'.
compiling lv_fs.c...
Fatal error: C3904U: Could not open via file '..\..\output\lv_fs.__i'.
compiling lv_gc.c...
Fatal error: C3904U: Could not open via file '..\..\output\lv_gc.__i'.
compiling lv_ll.c...
Fatal error: C3904U: Could not open via file '..\..\output\lv_ll.__i'.
compiling lv_log.c...
Fatal error: C3904U: Could not open via file '..\..\output\lv_log.__i'.
compiling lv_lru.c...
Fatal error: C3904U: Could not open via file '..\..\output\lv_lru.__i'.
compiling lv_math.c...
Fatal error: C3904U: Could not open via file '..\..\output\lv_math.__i'.
compiling lv_mem.c...
Fatal error: C3904U: Could not open via file '..\..\output\lv_mem.__i'.
compiling lv_printf.c...
Fatal error: C3904U: Could not open via file '..\..\output\lv_printf.__i'.
compiling lv_style.c...
Fatal error: C3904U: Could not open via file '..\..\output\lv_style.__i'.
compiling lv_style_gen.c...
Fatal error: C3904U: Could not open via file '..\..\output\lv_style_gen.__i'.
compiling lv_templ.c...
Fatal error: C3904U: Could not open via file '..\..\output\lv_templ.__i'.
compiling lv_timer.c...
Fatal error: C3904U: Could not open via file '..\..\output\lv_timer.__i'.
compiling lv_tlsf.c...
Fatal error: C3904U: Could not open via file '..\..\output\lv_tlsf.__i'.
compiling lv_txt.c...
Fatal error: C3904U: Could not open via file '..\..\output\lv_txt.__i'.
compiling lv_txt_ap.c...
Fatal error: C3904U: Could not open via file '..\..\output\lv_txt_ap.__i'.
compiling lv_utils.c...
Fatal error: C3904U: Could not open via file '..\..\output\lv_utils.__i'.
compiling lv_arc.c...
Fatal error: C3904U: Could not open via file '..\..\output\lv_arc.__i'.
compiling lv_bar.c...
Fatal error: C3904U: Could not open via file '..\..\output\lv_bar.__i'.
compiling lv_btn.c...
Fatal error: C3904U: Could not open via file '..\..\output\lv_btn.__i'.
compiling lv_btnmatrix.c...
Fatal error: C3904U: Could not open via file '..\..\output\lv_btnmatrix.__i'.
compiling lv_canvas.c...
Fatal error: C3904U: Could not open via file '..\..\output\lv_canvas.__i'.
compiling lv_checkbox.c...
Fatal error: C3904U: Could not open via file '..\..\output\lv_checkbox.__i'.
compiling lv_dropdown.c...
Fatal error: C3904U: Could not open via file '..\..\output\lv_dropdown.__i'.
compiling lv_img.c...
Fatal error: C3904U: Could not open via file '..\..\output\lv_img.__i'.
compiling lv_label.c...
Fatal error: C3904U: Could not open via file '..\..\output\lv_label.__i'.
compiling lv_line.c...
Fatal error: C3904U: Could not open via file '..\..\output\lv_line.__i'.
compiling lv_objx_templ.c...
Fatal error: C3904U: Could not open via file '..\..\output\lv_objx_templ.__i'.
compiling lv_roller.c...
Fatal error: C3904U: Could not open via file '..\..\output\lv_roller.__i'.
compiling lv_slider.c...
Fatal error: C3904U: Could not open via file '..\..\output\lv_slider.__i'.
compiling lv_switch.c...
Fatal error: C3904U: Could not open via file '..\..\output\lv_switch.__i'.
compiling lv_table.c...
Fatal error: C3904U: Could not open via file '..\..\output\lv_table.__i'.
compiling lv_textarea.c...
Fatal error: C3904U: Could not open via file '..\..\output\lv_textarea.__i'.
compiling lv_demo_stress.c...
Fatal error: C3904U: Could not open via file '..\..\output\lv_demo_stress.__i'.
compiling lv_demo_music.c...
Fatal error: C3904U: Could not open via file '..\..\output\lv_demo_music.__i'.
compiling lv_demo_music_list.c...
Fatal error: C3904U: Could not open via file '..\..\output\lv_demo_music_list.__i'.
compiling lv_demo_music_main.c...
Fatal error: C3904U: Could not open via file '..\..\output\lv_demo_music_main.__i'.
compiling img_lv_demo_music_btn_corner_large.c...
Fatal error: C3904U: Could not open via file '..\..\output\img_lv_demo_music_btn_corner_large.__i'.
compiling img_lv_demo_music_btn_list_pause.c...
Fatal error: C3904U: Could not open via file '..\..\output\img_lv_demo_music_btn_list_pause.__i'.
compiling img_lv_demo_music_btn_list_pause_large.c...
Fatal error: C3904U: Could not open via file '..\..\output\img_lv_demo_music_btn_list_pause_large.__i'.
compiling img_lv_demo_music_btn_list_play.c...
Fatal error: C3904U: Could not open via file '..\..\output\img_lv_demo_music_btn_list_play.__i'.
compiling img_lv_demo_music_btn_list_play_large.c...
Fatal error: C3904U: Could not open via file '..\..\output\img_lv_demo_music_btn_list_play_large.__i'.
compiling img_lv_demo_music_btn_loop.c...
Fatal error: C3904U: Could not open via file '..\..\output\img_lv_demo_music_btn_loop.__i'.
compiling img_lv_demo_music_btn_loop_large.c...
Fatal error: C3904U: Could not open via file '..\..\output\img_lv_demo_music_btn_loop_large.__i'.
compiling img_lv_demo_music_btn_next.c...
Fatal error: C3904U: Could not open via file '..\..\output\img_lv_demo_music_btn_next.__i'.
compiling img_lv_demo_music_btn_next_large.c...
Fatal error: C3904U: Could not open via file '..\..\output\img_lv_demo_music_btn_next_large.__i'.
compiling img_lv_demo_music_btn_pause.c...
Fatal error: C3904U: Could not open via file '..\..\output\img_lv_demo_music_btn_pause.__i'.
compiling img_lv_demo_music_btn_pause_large.c...
Fatal error: C3904U: Could not open via file '..\..\output\img_lv_demo_music_btn_pause_large.__i'.
compiling img_lv_demo_music_btn_play.c...
Fatal error: C3904U: Could not open via file '..\..\output\img_lv_demo_music_btn_play.__i'.
compiling img_lv_demo_music_btn_play_large.c...
Fatal error: C3904U: Could not open via file '..\..\output\img_lv_demo_music_btn_play_large.__i'.
compiling img_lv_demo_music_btn_prev.c...
Fatal error: C3904U: Could not open via file '..\..\output\img_lv_demo_music_btn_prev.__i'.
compiling img_lv_demo_music_btn_prev_large.c...
Fatal error: C3904U: Could not open via file '..\..\output\img_lv_demo_music_btn_prev_large.__i'.
compiling img_lv_demo_music_btn_rnd.c...
Fatal error: C3904U: Could not open via file '..\..\output\img_lv_demo_music_btn_rnd.__i'.
compiling img_lv_demo_music_btn_rnd_large.c...
Fatal error: C3904U: Could not open via file '..\..\output\img_lv_demo_music_btn_rnd_large.__i'.
compiling img_lv_demo_music_corner_left.c...
Fatal error: C3904U: Could not open via file '..\..\output\img_lv_demo_music_corner_left.__i'.
compiling img_lv_demo_music_corner_left_large.c...
Fatal error: C3904U: Could not open via file '..\..\output\img_lv_demo_music_corner_left_large.__i'.
compiling img_lv_demo_music_corner_right.c...
Fatal error: C3904U: Could not open via file '..\..\output\img_lv_demo_music_corner_right.__i'.
compiling img_lv_demo_music_corner_right_large.c...
Fatal error: C3904U: Could not open via file '..\..\output\img_lv_demo_music_corner_right_large.__i'.
compiling img_lv_demo_music_cover_1.c...
Fatal error: C3904U: Could not open via file '..\..\output\img_lv_demo_music_cover_1.__i'.
compiling img_lv_demo_music_cover_1_large.c...
Fatal error: C3904U: Could not open via file '..\..\output\img_lv_demo_music_cover_1_large.__i'.
compiling img_lv_demo_music_cover_2.c...
Fatal error: C3904U: Could not open via file '..\..\output\img_lv_demo_music_cover_2.__i'.
compiling img_lv_demo_music_cover_2_large.c...
Fatal error: C3904U: Could not open via file '..\..\output\img_lv_demo_music_cover_2_large.__i'.
compiling img_lv_demo_music_cover_3.c...
Fatal error: C3904U: Could not open via file '..\..\output\img_lv_demo_music_cover_3.__i'.
compiling img_lv_demo_music_cover_3_large.c...
Fatal error: C3904U: Could not open via file '..\..\output\img_lv_demo_music_cover_3_large.__i'.
compiling img_lv_demo_music_icon_1.c...
Fatal error: C3904U: Could not open via file '..\..\output\img_lv_demo_music_icon_1.__i'.
compiling img_lv_demo_music_icon_1_large.c...
Fatal error: C3904U: Could not open via file '..\..\output\img_lv_demo_music_icon_1_large.__i'.
compiling img_lv_demo_music_icon_2.c...
Fatal error: C3904U: Could not open via file '..\..\output\img_lv_demo_music_icon_2.__i'.
compiling img_lv_demo_music_icon_2_large.c...
Fatal error: C3904U: Could not open via file '..\..\output\img_lv_demo_music_icon_2_large.__i'.
compiling img_lv_demo_music_icon_3.c...
Fatal error: C3904U: Could not open via file '..\..\output\img_lv_demo_music_icon_3.__i'.
compiling img_lv_demo_music_icon_3_large.c...
Fatal error: C3904U: Could not open via file '..\..\output\img_lv_demo_music_icon_3_large.__i'.
compiling img_lv_demo_music_icon_4.c...
Fatal error: C3904U: Could not open via file '..\..\output\img_lv_demo_music_icon_4.__i'.
compiling img_lv_demo_music_icon_4_large.c...
Fatal error: C3904U: Could not open via file '..\..\output\img_lv_demo_music_icon_4_large.__i'.
compiling img_lv_demo_music_list_border.c...
Fatal error: C3904U: Could not open via file '..\..\output\img_lv_demo_music_list_border.__i'.
compiling img_lv_demo_music_list_border_large.c...
Fatal error: C3904U: Could not open via file '..\..\output\img_lv_demo_music_list_border_large.__i'.
compiling img_lv_demo_music_logo.c...
Fatal error: C3904U: Could not open via file '..\..\output\img_lv_demo_music_logo.__i'.
compiling img_lv_demo_music_slider_knob.c...
Fatal error: C3904U: Could not open via file '..\..\output\img_lv_demo_music_slider_knob.__i'.
compiling img_lv_demo_music_slider_knob_large.c...
Fatal error: C3904U: Could not open via file '..\..\output\img_lv_demo_music_slider_knob_large.__i'.
compiling img_lv_demo_music_wave_bottom.c...
Fatal error: C3904U: Could not open via file '..\..\output\img_lv_demo_music_wave_bottom.__i'.
compiling img_lv_demo_music_wave_bottom_large.c...
Fatal error: C3904U: Could not open via file '..\..\output\img_lv_demo_music_wave_bottom_large.__i'.
compiling img_lv_demo_music_wave_top.c...
Fatal error: C3904U: Could not open via file '..\..\output\img_lv_demo_music_wave_top.__i'.
compiling img_lv_demo_music_wave_top_large.c...
Fatal error: C3904U: Could not open via file '..\..\output\img_lv_demo_music_wave_top_large.__i'.
linking...
..\..\Output\atk_f407.axf: error: L6002U: Could not open file ..\..\output\system_stm32f4xx.o: No such file or directory
Finished: 0 information, 0 warning, 0 error and 1 fatal error messages.
"..\..\Output\atk_f407.axf" - 1 Error(s), 0 Warning(s).
Target not created.
